<?xml version="1.0" encoding="UTF-8"?>
<testng-results ignored="0" total="1" passed="1" failed="0" skipped="0">
  <reporter-output>
  </reporter-output>
  <suite started-at="2021-01-03T15:22:03 CET" name="Default Suite" finished-at="2021-01-03T15:22:04 CET" duration-ms="850">
    <groups>
    </groups>
    <test started-at="2021-01-03T15:22:03 CET" name="heroukapp" finished-at="2021-01-03T15:22:04 CET" duration-ms="850">
      <class name="tests.DropDownTests">
        <test-method is-config="true" signature="setup()[pri:0, instance:tests.DropDownTests@1445d7f]" started-at="2021-01-03T15:21:53 CET" name="setup" finished-at="2021-01-03T15:22:03 CET" duration-ms="10460" status="PASS">
          <reporter-output>
          </reporter-output>
        </test-method> <!-- setup -->
        <test-method signature="testSelectOption()[pri:0, instance:tests.DropDownTests@1445d7f]" started-at="2021-01-03T15:22:03 CET" name="testSelectOption" finished-at="2021-01-03T15:22:04 CET" duration-ms="817" status="PASS">
          <reporter-output>
          </reporter-output>
        </test-method> <!-- testSelectOption -->
        <test-method is-config="true" signature="tearDown()[pri:0, instance:tests.DropDownTests@1445d7f]" started-at="2021-01-03T15:22:04 CET" name="tearDown" finished-at="2021-01-03T15:22:05 CET" duration-ms="682" status="PASS">
          <reporter-output>
          </reporter-output>
        </test-method> <!-- tearDown -->
      </class> <!-- tests.DropDownTests -->
    </test> <!-- heroukapp -->
  </suite> <!-- Default Suite -->
</testng-results>
